0 info it worked if it ends with ok
1 verbose cli [ '/usr/bin/node', '/usr/bin/npm', 'run', 'test' ]
2 info using npm@3.5.2
3 info using node@v8.10.0
4 verbose run-script [ 'pretest', 'test', 'posttest' ]
5 info lifecycle f5-bigip-runtime-init@0.9.0~pretest: f5-bigip-runtime-init@0.9.0
6 silly lifecycle f5-bigip-runtime-init@0.9.0~pretest: no script for pretest, continuing
7 info lifecycle f5-bigip-runtime-init@0.9.0~test: f5-bigip-runtime-init@0.9.0
8 verbose lifecycle f5-bigip-runtime-init@0.9.0~test: unsafe-perm in lifecycle true
9 verbose lifecycle f5-bigip-runtime-init@0.9.0~test: PATH: /usr/share/npm/bin/node-gyp-bin:/root/f5-bigip-runtime-init/node_modules/.bin:/usr/local/sbin:/usr/local/bin:/usr/sbin:/usr/bin:/sbin:/bin:/usr/games:/usr/local/games:/snap/bin:/usr/local/bin/
10 verbose lifecycle f5-bigip-runtime-init@0.9.0~test: CWD: /root/f5-bigip-runtime-init
11 silly lifecycle f5-bigip-runtime-init@0.9.0~test: Args: [ '-c', 'nyc mocha -r ts-node/register "./tests/unit/**/*.ts"' ]
12 silly lifecycle f5-bigip-runtime-init@0.9.0~test: Returned: code: 1  signal: null
13 info lifecycle f5-bigip-runtime-init@0.9.0~test: Failed to exec test script
14 verbose stack Error: f5-bigip-runtime-init@0.9.0 test: `nyc mocha -r ts-node/register "./tests/unit/**/*.ts"`
14 verbose stack Exit status 1
14 verbose stack     at EventEmitter.<anonymous> (/usr/share/npm/lib/utils/lifecycle.js:232:16)
14 verbose stack     at emitTwo (events.js:126:13)
14 verbose stack     at EventEmitter.emit (events.js:214:7)
14 verbose stack     at ChildProcess.<anonymous> (/usr/share/npm/lib/utils/spawn.js:24:14)
14 verbose stack     at emitTwo (events.js:126:13)
14 verbose stack     at ChildProcess.emit (events.js:214:7)
14 verbose stack     at maybeClose (internal/child_process.js:925:16)
14 verbose stack     at Process.ChildProcess._handle.onexit (internal/child_process.js:209:5)
15 verbose pkgid f5-bigip-runtime-init@0.9.0
16 verbose cwd /root/f5-bigip-runtime-init
17 error Linux 4.15.0-99-generic
18 error argv "/usr/bin/node" "/usr/bin/npm" "run" "test"
19 error node v8.10.0
20 error npm  v3.5.2
21 error code ELIFECYCLE
22 error f5-bigip-runtime-init@0.9.0 test: `nyc mocha -r ts-node/register "./tests/unit/**/*.ts"`
22 error Exit status 1
23 error Failed at the f5-bigip-runtime-init@0.9.0 test script 'nyc mocha -r ts-node/register "./tests/unit/**/*.ts"'.
23 error Make sure you have the latest version of node.js and npm installed.
23 error If you do, this is most likely a problem with the f5-bigip-runtime-init package,
23 error not with npm itself.
23 error Tell the author that this fails on your system:
23 error     nyc mocha -r ts-node/register "./tests/unit/**/*.ts"
23 error You can get information on how to open an issue for this project with:
23 error     npm bugs f5-bigip-runtime-init
23 error Or if that isn't available, you can get their info via:
23 error     npm owner ls f5-bigip-runtime-init
23 error There is likely additional logging output above.
24 verbose exit [ 1, true ]
